[1] "Created by: RiboViz"
[1] "Date: 2020-03-04 05:50:08"
[1] "File: /home/ubuntu/riboviz/rscripts/collate_tpms.R"
[1] "Version: commit 0ecd69ec0786eaeee78c4ce0999f4a181c775044 date 2020-03-04 13:45:40"
[1] "collate_tpms.R running with parameters:"
$options
$options$output_dir
[1] "vignette/output"

$options$tpms_file
[1] "TPMs_collated.tsv"

$options$sample_subdirs
[1] TRUE

$options$help
[1] FALSE


$args
[1] "WTnone" "WT3AT" 

[1] "Loading ORFs from: vignette/output/WTnone/tpms.tsv"
Parsed with column specification:
cols(
  ORF = col_character(),
  readcount = col_double(),
  rpb = col_double(),
  tpm = col_double()
)
[1] "Loading TPMs from: vignette/output/WTnone/tpms.tsv"
Parsed with column specification:
cols(
  ORF = col_character(),
  readcount = col_double(),
  rpb = col_double(),
  tpm = col_double()
)
[1] "Loading TPMs from: vignette/output/WT3AT/tpms.tsv"
Parsed with column specification:
cols(
  ORF = col_character(),
  readcount = col_double(),
  rpb = col_double(),
  tpm = col_double()
)
